<?xml version="1.0" encoding="UTF-8"?>
<!-- Generated by org.testng.reporters.JUnitXMLReporter -->
<testsuite ignored="0" hostname="Rkreddy" failures="0" tests="2" name="Test" time="2.667" errors="0" timestamp="2024-06-30T21:10:43 EDT">
  <testcase classname="testObjects.BaseTest" name="@AfterMethod createreports" time="0.003">
    <failure type="java.lang.NullPointerException" message="Cannot invoke &amp;quot;com.aventstack.extentreports.ExtentTest.log(com.aventstack.extentreports.Status, String)&amp;quot; because &amp;quot;this.logger&amp;quot; is null">
      <![CDATA[java.lang.NullPointerException: Cannot invoke "com.aventstack.extentreports.ExtentTest.log(com.aventstack.extentreports.Status, String)" because "this.logger" is null
at testObjects.BaseTest.createreports(BaseTest.java:54)
at java.base/java.util.ArrayList.forEach(ArrayList.java:1596)
... Removed 30 stack frames]]>
    </failure>
  </testcase> <!-- @AfterMethod createreports -->
  <testcase classname="testObjects.BaseTest" name="@BeforeMethod webDriverSetup" time="-1.719796243298E9">
    <skipped/>
  </testcase> <!-- @BeforeMethod webDriverSetup -->
  <testcase classname="testObjects.BaseTest" name="@AfterMethod createreports" time="-1.719796243302E9">
    <skipped/>
  </testcase> <!-- @AfterMethod createreports -->
  <testcase classname="testObjects.Testrunner" name="testrun" time="0.014"/>
  <testcase classname="testObjects.Testrunner" name="testrun1" time="0.0">
    <skipped/>
  </testcase> <!-- testrun1 -->
</testsuite> <!-- Test -->
