<?xml version="1.0" encoding="UTF-8"?>
<testng-results ignored="0" total="2" passed="2" failed="0" skipped="0">
  <reporter-output>
  </reporter-output>
  <suite started-at="2024-07-16T14:07:33 EDT" name="Default suite" finished-at="2024-07-16T14:07:38 EDT" duration-ms="5564">
    <groups>
    </groups>
    <test started-at="2024-07-16T14:07:33 EDT" name="Default test" finished-at="2024-07-16T14:07:38 EDT" duration-ms="5564">
      <class name="testObjects.Testrunner">
        <test-method is-config="true" signature="reportsmanager()[pri:0, instance:testObjects.Testrunner@436813f3]" started-at="2024-07-16T14:07:33 EDT" name="reportsmanager" finished-at="2024-07-16T14:07:33 EDT" duration-ms="461" status="PASS">
          <reporter-output>
          </reporter-output>
        </test-method> <!-- reportsmanager -->
        <test-method is-config="true" signature="webDriverSetup()[pri:0, instance:testObjects.Testrunner@436813f3]" started-at="2024-07-16T14:07:33 EDT" name="webDriverSetup" finished-at="2024-07-16T14:07:37 EDT" duration-ms="3377" status="PASS">
          <reporter-output>
          </reporter-output>
        </test-method> <!-- webDriverSetup -->
        <test-method signature="testrun()[pri:0, instance:testObjects.Testrunner@436813f3]" started-at="2024-07-16T14:07:37 EDT" name="testrun" finished-at="2024-07-16T14:07:37 EDT" duration-ms="34" status="PASS">
          <reporter-output>
          </reporter-output>
        </test-method> <!-- testrun -->
        <test-method is-config="true" signature="createreports(org.testng.ITestResult)[pri:0, instance:testObjects.Testrunner@436813f3]" started-at="2024-07-16T14:07:37 EDT" name="createreports" finished-at="2024-07-16T14:07:37 EDT" duration-ms="3" status="PASS">
          <params>
            <param index="0">
              <value>
                <![CDATA[[TestResult name=testrun status=SUCCESS method=Testrunner.testrun()[pri:0, instance:testObjects.Testrunner@436813f3] output={null}]]]>
              </value>
            </param>
          </params>
          <reporter-output>
          </reporter-output>
        </test-method> <!-- createreports -->
        <test-method is-config="true" signature="webDriverSetup()[pri:0, instance:testObjects.Testrunner@436813f3]" started-at="2024-07-16T14:07:37 EDT" name="webDriverSetup" finished-at="2024-07-16T14:07:38 EDT" duration-ms="933" status="PASS">
          <reporter-output>
          </reporter-output>
        </test-method> <!-- webDriverSetup -->
        <test-method signature="testrun1()[pri:0, instance:testObjects.Testrunner@436813f3]" started-at="2024-07-16T14:07:38 EDT" name="testrun1" finished-at="2024-07-16T14:07:38 EDT" duration-ms="4" status="PASS">
          <reporter-output>
          </reporter-output>
        </test-method> <!-- testrun1 -->
        <test-method is-config="true" signature="createreports(org.testng.ITestResult)[pri:0, instance:testObjects.Testrunner@436813f3]" started-at="2024-07-16T14:07:38 EDT" name="createreports" finished-at="2024-07-16T14:07:38 EDT" duration-ms="1" status="PASS">
          <params>
            <param index="0">
              <value>
                <![CDATA[[TestResult name=testrun1 status=SUCCESS method=Testrunner.testrun1()[pri:0, instance:testObjects.Testrunner@436813f3] output={null}]]]>
              </value>
            </param>
          </params>
          <reporter-output>
          </reporter-output>
        </test-method> <!-- createreports -->
        <test-method is-config="true" signature="teardown()[pri:0, instance:testObjects.Testrunner@436813f3]" started-at="2024-07-16T14:07:38 EDT" name="teardown" finished-at="2024-07-16T14:07:38 EDT" duration-ms="691" status="PASS">
          <reporter-output>
          </reporter-output>
        </test-method> <!-- teardown -->
      </class> <!-- testObjects.Testrunner -->
    </test> <!-- Default test -->
  </suite> <!-- Default suite -->
</testng-results>
